<?xml version="1.0" encoding="UTF-8"?>
<!-- Generated by org.testng.reporters.JUnitReportReporter -->
<testsuite hostname="Bhawna" failures="0" tests="7" name="com.automation.tests.LoginTest" time="1.641" errors="1" timestamp="2023-06-09T10:36:24 PDT" skipped="6">
  <testcase classname="com.automation.tests.LoginTest" name="validateErrorMessageWhenPasswordFieldempty" time="0.000">
    <skipped/>
  </testcase> <!-- validateErrorMessageWhenPasswordFieldempty -->
  <system-out/>
  <testcase classname="com.automation.tests.LoginTest" name="checkErrorMsgwhenWrongUserNameAndPaSSWORDEntered" time="0.000">
    <skipped/>
  </testcase> <!-- checkErrorMsgwhenWrongUserNameAndPaSSWORDEntered -->
  <system-out/>
  <testcase classname="com.automation.tests.LoginTest" name="checkIfRememberMecheckBoxIsChecked" time="0.000">
    <skipped/>
  </testcase> <!-- checkIfRememberMecheckBoxIsChecked -->
  <system-out/>
  <testcase classname="com.automation.tests.LoginTest" name="checkIfUserNamePopulatedAfterLogOutHomePage" time="0.000">
    <skipped/>
  </testcase> <!-- checkIfUserNamePopulatedAfterLogOutHomePage -->
  <system-out/>
  <testcase classname="com.automation.tests.LoginTest" name="setUpBeforeTestMethod" time="1.641">
    <error message="null value in entry: url=null" type="java.lang.NullPointerException">
      <![CDATA[java.lang.NullPointerException: null value in entry: url=null
at com.google.common.collect.CollectPreconditions.checkEntryNotNull(CollectPreconditions.java:32)
at com.google.common.collect.SingletonImmutableBiMap.<init>(SingletonImmutableBiMap.java:42)
at com.google.common.collect.ImmutableBiMap.of(ImmutableBiMap.java:72)
at com.google.common.collect.ImmutableMap.of(ImmutableMap.java:124)
at org.openqa.selenium.remote.RemoteWebDriver.get(RemoteWebDriver.java:277)
at com.automation.base.BaseTest.getURL(BaseTest.java:100)
at com.automation.base.BaseTest.setUpBeforeTestMethod(BaseTest.java:60)
at java.base/jdk.internal.reflect.DirectMethodHandleAccessor.invoke(DirectMethodHandleAccessor.java:104)
at java.base/java.lang.reflect.Method.invoke(Method.java:577)
at org.testng.internal.invokers.MethodInvocationHelper.invokeMethod(MethodInvocationHelper.java:139)
at org.testng.internal.invokers.MethodInvocationHelper.invokeMethodConsideringTimeout(MethodInvocationHelper.java:69)
at org.testng.internal.invokers.ConfigInvoker.invokeConfigurationMethod(ConfigInvoker.java:361)
at org.testng.internal.invokers.ConfigInvoker.invokeConfigurations(ConfigInvoker.java:296)
at org.testng.internal.invokers.TestInvoker.runConfigMethods(TestInvoker.java:823)
at org.testng.internal.invokers.TestInvoker.invokeMethod(TestInvoker.java:590)
at org.testng.internal.invokers.TestInvoker.invokeTestMethod(TestInvoker.java:221)
at org.testng.internal.invokers.MethodRunner.runInSequence(MethodRunner.java:50)
at org.testng.internal.invokers.TestInvoker$MethodInvocationAgent.invoke(TestInvoker.java:969)
at org.testng.internal.invokers.TestInvoker.invokeTestMethods(TestInvoker.java:194)
at org.testng.internal.invokers.TestMethodWorker.invokeTestMethods(TestMethodWorker.java:148)
at org.testng.internal.invokers.TestMethodWorker.run(TestMethodWorker.java:128)
at java.base/java.util.ArrayList.forEach(ArrayList.java:1511)
at org.testng.TestRunner.privateRun(TestRunner.java:829)
at org.testng.TestRunner.run(TestRunner.java:602)
at org.testng.SuiteRunner.runTest(SuiteRunner.java:437)
at org.testng.SuiteRunner.runSequentially(SuiteRunner.java:431)
at org.testng.SuiteRunner.privateRun(SuiteRunner.java:391)
at org.testng.SuiteRunner.run(SuiteRunner.java:330)
at org.testng.SuiteRunnerWorker.runSuite(SuiteRunnerWorker.java:52)
at org.testng.SuiteRunnerWorker.run(SuiteRunnerWorker.java:95)
at org.testng.TestNG.runSuitesSequentially(TestNG.java:1256)
at org.testng.TestNG.runSuitesLocally(TestNG.java:1176)
at org.testng.TestNG.runSuites(TestNG.java:1099)
at org.testng.TestNG.run(TestNG.java:1067)
at org.testng.remote.AbstractRemoteTestNG.run(AbstractRemoteTestNG.java:115)
at org.testng.remote.RemoteTestNG.initAndRun(RemoteTestNG.java:251)
at org.testng.remote.RemoteTestNG.main(RemoteTestNG.java:77)
]]>
    </error>
  </testcase> <!-- setUpBeforeTestMethod -->
  <system-out/>
  <testcase classname="com.automation.tests.LoginTest" name="validateHomePageDisplayed" time="0.000">
    <skipped/>
  </testcase> <!-- validateHomePageDisplayed -->
  <system-out/>
  <testcase classname="com.automation.tests.LoginTest" name="valiadateLoginPageDisplayedAndValidatePageTitle" time="0.000">
    <skipped/>
  </testcase> <!-- valiadateLoginPageDisplayedAndValidatePageTitle -->
  <system-out/>
</testsuite> <!-- com.automation.tests.LoginTest -->
